kotlin version: 2.2.0
error message: java.lang.OutOfMemoryError: Java heap space
	at java.base/java.util.Arrays.copyOf(Arrays.java:3537)
	at java.base/jdk.internal.loader.Resource.getBytes(Resource.java:102)
	at java.base/jdk.internal.loader.URLClassPath$JarLoader$1.getBytes(URLClassPath.java:730)
	at java.base/jdk.internal.loader.BuiltinClassLoader.defineClass(BuiltinClassLoader.java:773)
	at java.base/jdk.internal.loader.BuiltinClassLoader.findClassOnClassPathOrNull(BuiltinClassLoader.java:691)
	at java.base/jdk.internal.loader.BuiltinClassLoader.loadClassOrNull(BuiltinClassLoader.java:620)
	at java.base/jdk.internal.loader.BuiltinClassLoader.loadClass(BuiltinClassLoader.java:578)
	at java.base/java.lang.ClassLoader.loadClass(ClassLoader.java:490)
	at java.base/java.lang.ClassLoader.defineClass1(Native Method)
	at java.base/java.lang.ClassLoader.defineClass(ClassLoader.java:962)
	at java.base/java.security.SecureClassLoader.defineClass(SecureClassLoader.java:132)
	at java.base/jdk.internal.loader.BuiltinClassLoader.defineClass(BuiltinClassLoader.java:776)
	at java.base/jdk.internal.loader.BuiltinClassLoader.findClassOnClassPathOrNull(BuiltinClassLoader.java:691)
	at java.base/jdk.internal.loader.BuiltinClassLoader.loadClassOrNull(BuiltinClassLoader.java:620)
	at java.base/jdk.internal.loader.BuiltinClassLoader.loadClass(BuiltinClassLoader.java:578)
	at java.base/java.lang.ClassLoader.loadClass(ClassLoader.java:490)
	at org.jetbrains.kotlin.fir.analysis.diagnostics.FirDiagnosticRenderers.SYMBOL$lambda$1(FirDiagnosticRenderers.kt:43)
	at org.jetbrains.kotlin.fir.analysis.diagnostics.FirDiagnosticRenderers$$Lambda/0x00000198e0569590.invoke(Unknown Source)
	at org.jetbrains.kotlin.diagnostics.rendering.DiagnosticParameterRendererKt$Renderer$1.render(DiagnosticParameterRenderer.kt:30)
	at org.jetbrains.kotlin.diagnostics.rendering.ContextIndependentParameterRenderer.render(DiagnosticParameterRenderer.kt:24)
	at org.jetbrains.kotlin.diagnostics.rendering.DiagnosticParameterRendererKt.renderParameter(DiagnosticParameterRenderer.kt:38)
	at org.jetbrains.kotlin.diagnostics.KtDiagnosticWithParameters2Renderer.renderParameters(KtDiagnosticRenderer.kt:64)
	at org.jetbrains.kotlin.diagnostics.AbstractKtDiagnosticWithParametersRenderer.render(KtDiagnosticRenderer.kt:38)
	at org.jetbrains.kotlin.cli.common.fir.FirDiagnosticsCompilerResultsReporter.reportDiagnosticToMessageCollector(FirDiagnosticsCompilerResultsReporter.kt:120)
	at org.jetbrains.kotlin.cli.common.fir.FirDiagnosticsCompilerResultsReporter.reportToMessageCollector$lambda$0(FirDiagnosticsCompilerResultsReporter.kt:28)
	at org.jetbrains.kotlin.cli.common.fir.FirDiagnosticsCompilerResultsReporter$$Lambda/0x00000198e06c4bd0.invoke(Unknown Source)
	at org.jetbrains.kotlin.cli.common.fir.FirDiagnosticsCompilerResultsReporter.reportByFile(FirDiagnosticsCompilerResultsReporter.kt:98)
	at org.jetbrains.kotlin.cli.common.fir.FirDiagnosticsCompilerResultsReporter.reportToMessageCollector(FirDiagnosticsCompilerResultsReporter.kt:27)
	at org.jetbrains.kotlin.cli.pipeline.CheckCompilationErrors$CheckDiagnosticCollector.reportDiagnosticsToMessageCollector(PipelineActions.kt:39)
	at org.jetbrains.kotlin.cli.pipeline.AbstractCliPipeline.runPhasedPipeline(AbstractCliPipeline.kt:131)
	at org.jetbrains.kotlin.cli.pipeline.AbstractCliPipeline.execute(AbstractCliPipeline.kt:68)
	at org.jetbrains.kotlin.cli.jvm.K2JVMCompiler.doExecutePhased(K2JVMCompiler.kt:78)


